Change Component Designator: Old Designator= New Designator=1
Change Component Designator: Old Designator= New Designator=3
Change Component Designator: Old Designator= New Designator=4
Change Component Designator: Old Designator= New Designator=5
Change Component Designator: Old Designator= New Designator=6
Change Component Designator: Old Designator=1 New Designator=2
Change Component Designator: Old Designator=C5 New Designator=C6
Change Component Designator: Old Designator=C New Designator=C5
Change Component Designator: Old Designator=DHT11 New Designator=DHT2
Change Component Designator: Old Designator=DHT11 New Designator=DHT3
Change Component Designator: Old Designator=J1 New Designator=J14
Change Component Designator: Old Designator=J2 New Designator=J1
Change Component Designator: Old Designator=J3 New Designator=J2
Change Component Designator: Old Designator=J4 New Designator=J3
Change Component Designator: Old Designator=J5 New Designator=J4
Change Component Designator: Old Designator=J6 New Designator=J5
Change Component Designator: Old Designator=J7 New Designator=J6
Change Component Designator: Old Designator=J8 New Designator=J15
Change Component Designator: Old Designator=J9 New Designator=J16
Change Component Designator: Old Designator=J10 New Designator=J7
Change Component Designator: Old Designator=J11 New Designator=J8
Change Component Designator: Old Designator=J12 New Designator=J9
Change Component Designator: Old Designator=J13 New Designator=J10
Change Component Designator: Old Designator=J14 New Designator=J11
Change Component Designator: Old Designator=J15 New Designator=J12
Change Component Designator: Old Designator=J16 New Designator=J17
Change Component Designator: Old Designator=J17 New Designator=J18
Change Component Designator: Old Designator=J18 New Designator=J19
Change Component Designator: Old Designator=J19 New Designator=J20
Change Component Designator: Old Designator=J New Designator=J13
Change Component Designator: Old Designator=OLED New Designator=OLED1
Change Component Designator: Old Designator=OUT1 New Designator=OUT2
Change Component Designator: Old Designator=OUT2 New Designator=OUT4
Change Component Designator: Old Designator=OUT New Designator=OUT1
Change Component Designator: Old Designator=OUT New Designator=OUT3
Change Component Designator: Old Designator=Q1 New Designator=Q2
Change Component Designator: Old Designator=Q New Designator=Q1
Change Component Designator: Old Designator=R1 New Designator=R3
Change Component Designator: Old Designator=R2 New Designator=R4
Change Component Designator: Old Designator=R3 New Designator=R5
Change Component Designator: Old Designator=R4 New Designator=R6
Change Component Designator: Old Designator=R5 New Designator=R7
Change Component Designator: Old Designator=R6 New Designator=R8
Change Component Designator: Old Designator=R7 New Designator=R9
Change Component Designator: Old Designator=R8 New Designator=R10
Change Component Designator: Old Designator=R9 New Designator=R11
Change Component Designator: Old Designator=R10 New Designator=R13
Change Component Designator: Old Designator=R11 New Designator=R12
Change Component Designator: Old Designator=R12 New Designator=R14
Change Component Designator: Old Designator=R13 New Designator=R15
Change Component Designator: Old Designator=R14 New Designator=R16
Change Component Designator: Old Designator=R15 New Designator=R17
Change Component Designator: Old Designator=R16 New Designator=R1
Change Component Designator: Old Designator=R17 New Designator=R2
Change Component Designator: Old Designator=RELAY New Designator=RELAY1
Change Component Designator: Old Designator=SOIL New Designator=SOIL1
Change Component Designator: Old Designator=SOIL New Designator=SOIL2
